ch_General	22/03/2020	16:29:09		jamesmusgrave21 joins General
ch_General	22/03/2020	16:48:03		publisher joins General
ch_General	22/03/2020	16:49:04		publisher joins General
ch_General	22/03/2020	16:58:20		jamesmusgrave21 joins General
ch_General	22/03/2020	17:12:39		jamesmusgrave21 joins General
ch_General	22/03/2020	17:13:44		jamesmusgrave21 joins General
ch_General	23/03/2020	00:02:11		jamesmusgrave21 joins General
ch_General	23/03/2020	02:15:20		jamesmusgrave21 joins General
ch_General	23/03/2020	05:58:08		jamesmusgrave21 joins General
ch_General	23/03/2020	20:08:17		jamesmusgrave21 joins General
ch_General	24/03/2020	14:09:21		jamesmusgrave21 joins General
ch_General	24/03/2020	22:30:38		jamesmusgrave21 joins General
ch_General	24/03/2020	23:37:53		jamesmusgrave21 joins General
ch_General	25/03/2020	01:10:40		jamesmusgrave21 joins General
ch_General	25/03/2020	01:10:56		publisher joins General
ch_General	25/03/2020	01:11:47		jamesmusgrave21 joins General
ch_General	25/03/2020	14:45:02		jamesmusgrave21 joins General
ch_General	25/03/2020	15:15:03		jamesmusgrave21 joins General
ch_General	25/03/2020	17:17:17		jamesmusgrave21 joins General
ch_General	25/03/2020	20:23:21		jamesmusgrave21 joins General
ch_General	25/03/2020	20:32:54		jamesmusgrave21 joins General
ch_General	25/03/2020	22:58:48		jamesmusgrave21 joins General
ch_General	26/03/2020	02:54:52		jamesmusgrave21 joins General
ch_General	26/03/2020	19:41:15		jamesmusgrave21 joins General
ch_General	26/03/2020	22:17:35		jamesmusgrave21 joins General
ch_General	31/03/2020	18:10:15		jamesmusgrave21 joins General
ch_General	07/04/2020	03:39:14		jamesmusgrave21 joins General
ch_General	07/04/2020	06:08:50		jamesmusgrave21 joins General
ch_General	08/04/2020	06:05:46		jamesmusgrave21 joins General
ch_General	09/04/2020	02:41:46		jamesmusgrave21 joins General
ch_General	09/04/2020	20:05:06		jamesmusgrave21 joins General
ch_General	09/04/2020	21:09:53		jamesmusgrave21 joins General
ch_General	10/04/2020	01:10:58		jamesmusgrave21 joins General
ch_General	10/04/2020	05:53:48		jamesmusgrave21 joins General
ch_General	10/04/2020	13:19:16		jamesmusgrave21 joins General
ch_General	10/04/2020	19:30:44		jamesmusgrave21 joins General
ch_General	10/04/2020	20:51:11		jamesmusgrave21 joins General
ch_General	11/04/2020	06:34:34		jamesmusgrave21 joins General
ch_General	11/04/2020	18:23:44		jamesmusgrave21 joins General
ch_General	12/04/2020	06:12:04		jamesmusgrave21 joins General
ch_General	13/04/2020	22:36:44		jamesmusgrave21 joins General
ch_General	14/04/2020	00:01:30		jamesmusgrave21 joins General
ch_General	14/04/2020	00:32:05		jamesmusgrave21 joins General
ch_General	18/04/2020	18:16:31		jamesmusgrave21 joins General
ch_General	18/04/2020	19:02:51		jamesmusgrave21 joins General
ch_General	18/04/2020	20:52:42		jamesmusgrave21 joins General
ch_General	19/04/2020	20:27:22		jamesmusgrave21 joins General
ch_General	20/04/2020	05:36:13		jamesmusgrave21 joins General
ch_General	20/04/2020	05:43:22		jamesmusgrave21 joins General
ch_General	20/04/2020	14:19:09		jamesmusgrave21 joins General
ch_General	20/04/2020	23:35:16		jamesmusgrave21 joins General
ch_General	21/04/2020	06:19:15		jamesmusgrave21 joins General
ch_General	21/04/2020	14:57:49		jamesmusgrave21 joins General
ch_General	22/04/2020	03:19:18		jamesmusgrave21 joins General
ch_General	25/04/2020	13:48:22		jamesmusgrave21 joins General
ch_General	26/04/2020	01:24:52		jamesmusgrave21 joins General
ch_General	26/04/2020	19:29:53		jamesmusgrave21 joins General
ch_General	27/04/2020	13:35:39		jamesmusgrave21 joins General
ch_General	27/04/2020	14:44:09		jamesmusgrave21 joins General
ch_General	29/04/2020	14:55:04		jamesmusgrave21 joins General
ch_General	30/04/2020	04:38:48		jamesmusgrave21 joins General
ch_General	30/04/2020	13:17:59		jamesmusgrave21 joins General
ch_General	30/04/2020	18:00:45		jamesmusgrave21 joins General
ch_General	30/04/2020	18:44:38		jamesmusgrave21 joins General
ch_General	30/04/2020	20:36:27		bashiralam185 joins General
ch_General	01/05/2020	18:36:28		jamesmusgrave21 joins General
ch_General	01/05/2020	18:36:45		publisher joins General
ch_General	02/05/2020	00:12:25		jamesmusgrave21 joins General
ch_General	02/05/2020	01:40:57		jamesmusgrave21 joins General
ch_General	02/05/2020	02:41:10		jamesmusgrave21 joins General
ch_General	02/05/2020	15:25:43		jamesmusgrave21 joins General
ch_General	03/05/2020	05:34:57		jamesmusgrave21 joins General
ch_General	03/05/2020	14:20:45		jamesmusgrave21 joins General
ch_General	03/05/2020	17:15:52		jamesmusgrave21 joins General
ch_General	04/05/2020	16:38:43		jamesmusgrave21 joins General
ch_General	06/05/2020	22:42:09		jamesmusgrave21 joins General
ch_General	07/05/2020	02:09:36		jamesmusgrave21 joins General
ch_General	07/05/2020	12:28:51		jamesmusgrave21 joins General
ch_General	09/05/2020	15:51:57		jamesmusgrave21 joins General
ch_General	09/05/2020	17:33:09		jamesmusgrave21 joins General
ch_General	09/05/2020	20:26:05		anandprabhakar0 joins General
ch_General	09/05/2020	20:30:27	jamesmusgrave21	anandprabhakar0 quit (timeout)
ch_General	10/05/2020	16:10:10		jamesmusgrave21 joins General
ch_General	11/05/2020	00:14:49		jamesmusgrave21 joins General
ch_General	12/05/2020	22:09:24		jamesmusgrave21 joins General
ch_General	12/05/2020	22:21:53		jamesmusgrave21 joins General
ch_General	13/05/2020	19:26:19		jamesmusgrave21 joins General
ch_General	14/05/2020	15:04:26		jamesmusgrave21 joins General
ch_General	14/05/2020	15:51:53		jamesmusgrave21 joins General
ch_General	14/05/2020	22:42:24		jamesmusgrave21 joins General
ch_General	15/05/2020	00:41:36		jamesmusgrave21 joins General
ch_General	15/05/2020	00:56:33		jamesmusgrave21 joins General
ch_General	15/05/2020	15:19:19		jamesmusgrave21 joins General
ch_General	15/05/2020	18:48:02		jamesmusgrave21 joins General
ch_General	15/05/2020	20:54:06		aashuanu2010 joins General
ch_General	17/05/2020	01:47:26		jamesmusgrave21 joins General
ch_General	17/05/2020	15:20:45		jamesmusgrave21 joins General
ch_General	17/05/2020	22:40:16		jamesmusgrave21 joins General
ch_General	18/05/2020	15:56:10		jamesmusgrave21 joins General
ch_General	18/05/2020	21:47:55		jamesmusgrave21 joins General
ch_General	19/05/2020	17:35:47		jamesmusgrave21 joins General
ch_General	19/05/2020	21:46:42		jamesmusgrave21 joins General
ch_General	20/05/2020	01:14:13		jamesmusgrave21 joins General
ch_General	20/05/2020	01:45:24		jamesmusgrave21 joins General
ch_General	20/05/2020	05:45:24		jamesmusgrave21 joins General
ch_General	20/05/2020	23:22:00		jamesmusgrave21 joins General
ch_General	23/05/2020	21:06:30		jamesmusgrave21 joins General
ch_General	24/05/2020	04:42:42		jamesmusgrave21 joins General
ch_General	26/05/2020	23:21:40		jamesmusgrave21 joins General
ch_General	27/05/2020	18:53:31		jamesmusgrave21 joins General
ch_General	28/05/2020	00:09:55		jamesmusgrave21 joins General
ch_General	05/06/2020	17:37:36		jamesmusgrave21 joins General
ch_General	05/06/2020	17:57:08		jamesmusgrave21 joins General
ch_General	05/06/2020	19:27:45		jamesmusgrave21 joins General
ch_General	06/06/2020	00:47:18		shb5016 joins General
ch_General	06/06/2020	16:59:20		jamesmusgrave21 joins General
ch_General	14/07/2020	22:34:55		jamesmusgrave21 joins General
ch_General	15/07/2020	00:47:27		jamesmusgrave21 joins General
ch_General	15/07/2020	03:14:28		jamesmusgrave21 joins General
ch_General	15/07/2020	22:06:18		jamesmusgrave21 joins General
ch_General	16/07/2020	02:02:24		jamesmusgrave21 joins General
