ch_General	23/07/2020	22:55:56		admin joins General
ch_General	23/07/2020	23:01:08	admin	admin quit
ch_General	23/07/2020	23:01:09		admin joins General
ch_General	23/07/2020	23:01:09	admin	admin quit
ch_General	23/07/2020	23:01:12		admin joins General
ch_General	23/07/2020	23:01:14	admin	admin quit
ch_General	23/07/2020	23:01:15		admin joins General
ch_General	23/07/2020	23:01:17	admin	admin quit
ch_General	23/07/2020	23:01:20		admin joins General
ch_General	23/07/2020	23:01:38	admin	:-}
ch_General	23/07/2020	23:04:03	admin	hello
ch_General	23/07/2020	23:04:16	admin	hi
ch_General	01/08/2020	03:33:23		edu joins General
ch_General	01/08/2020	07:36:06		corporate joins General
ch_General	01/08/2020	19:05:15		corporate joins General
ch_General	02/08/2020	05:38:07		admin joins General
ch_General	02/08/2020	05:47:39		sdfg joins General
ch_General	02/08/2020	05:49:09		admin joins General
ch_General	02/08/2020	05:50:42		admin joins General
ch_General	02/08/2020	05:51:20		admin joins General
ch_General	02/08/2020	05:56:42		admin joins General
ch_General	02/08/2020	05:57:28		jamesmusgrave21 joins General
ch_General	02/08/2020	05:57:36	jamesmusgrave21	admin quit (timeout)
ch_General	03/08/2020	07:28:13		admin joins General
ch_General	14/08/2020	06:53:17		admin joins General
ch_General	14/08/2020	07:27:10		admin joins General
ch_General	14/08/2020	07:46:35		admin joins General
ch_General	17/08/2020	09:37:11		admin joins General
ch_General	16/11/2020	05:22:34		jamesmusgrave21 joins General
